<?xml version="1.0" encoding="UTF-8"?>
<testng-results ignored="0" total="1" passed="1" failed="0" skipped="0">
  <reporter-output>
  </reporter-output>
  <suite started-at="2022-09-01T08:41:54 IST" name="InBanking" finished-at="2022-09-01T08:42:13 IST" duration-ms="18512">
    <groups>
    </groups>
    <test started-at="2022-09-01T08:41:54 IST" name="App Test" finished-at="2022-09-01T08:42:13 IST" duration-ms="18512">
      <class name="com.InBanking.TestCases.TC_LoginTest_001">
        <test-method is-config="true" signature="setup(java.lang.String)[pri:0, instance:com.InBanking.TestCases.TC_LoginTest_001@6ae5aa72]" started-at="2022-09-01T08:41:55 IST" name="setup" finished-at="2022-09-01T08:42:04 IST" duration-ms="8987" status="PASS">
          <params>
            <param index="0">
              <value>
                <![CDATA[chrome]]>
              </value>
            </param>
          </params>
          <reporter-output>
          </reporter-output>
        </test-method> <!-- setup -->
        <test-method signature="LoginTest()[pri:0, instance:com.InBanking.TestCases.TC_LoginTest_001@6ae5aa72]" started-at="2022-09-01T08:42:04 IST" name="LoginTest" finished-at="2022-09-01T08:42:13 IST" duration-ms="9158" status="PASS">
          <reporter-output>
          </reporter-output>
        </test-method> <!-- LoginTest -->
        <test-method is-config="true" signature="teardown()[pri:0, instance:com.InBanking.TestCases.TC_LoginTest_001@6ae5aa72]" started-at="2022-09-01T08:42:13 IST" name="teardown" finished-at="2022-09-01T08:42:13 IST" duration-ms="0" status="PASS">
          <reporter-output>
          </reporter-output>
        </test-method> <!-- teardown -->
      </class> <!-- com.InBanking.TestCases.TC_LoginTest_001 -->
    </test> <!-- App Test -->
  </suite> <!-- InBanking -->
</testng-results>
